Drill report for /home/eric/src/OpenHardwareExG/kicad-files/rev1/arduino-ads129x.brd
Created on Sat 21 Dec 2013 03:24:26 PM CET
Selected Drill Unit: Imperial (")

Drill report for through holes :
T1  0.020"  0.51mm  (10 holes)
T2  0.025"  0.64mm  (302 holes)
T3  0.032"  0.81mm  (5 holes)
T4  0.039"  1.00mm  (48 holes)
T5  0.040"  1.02mm  (107 holes)
T6  0.091"  2.30mm  (2 holes)

total plated holes count 474


Drill report for buried and blind vias :

Drill report for holes from layer Back to layer Power

total plated holes count 0


Drill report for holes from layer Power to layer Ground

total plated holes count 0


Drill report for holes from layer Ground to layer Front

total plated holes count 0


Drill report for Not Plated through holes :
T1  0.142"  3.60mm  (8 holes)

total Not Plated holes count 8


